# JRE version: Java(TM) SE Runtime Environment (8.0_201-b09) (build 1.8.0_201-b09)
# Java VM: Java HotSpot(TM) 64-Bit Server VM (25.201-b09 mixed mode linux-amd64 compressed oops)
Heap:
 PSYoungGen      total 272384K, used 7648K [0x00000000e5b00000, 0x00000000f6c80000, 0x0000000100000000)
  eden space 264704K, 0% used [0x00000000e5b00000,0x00000000e5b00000,0x00000000f5d80000)
  from space 7680K, 99% used [0x00000000f5d80000,0x00000000f64f8010,0x00000000f6500000)
  to   space 7168K, 0% used [0x00000000f6500000,0x00000000f6500000,0x00000000f6c00000)
 ParOldGen       total 32768K, used 10225K [0x00000000b1000000, 0x00000000b3000000, 0x00000000e5b00000)
  object space 32768K, 31% used [0x00000000b1000000,0x00000000b19fc4a0,0x00000000b3000000)
 Metaspace       used 21582K, capacity 21874K, committed 22400K, reserved 1069056K
  class space    used 2428K, capacity 2561K, committed 2688K, reserved 1048576K
GC Heap History (10 events):
Event: 51.440 GC heap after
Heap after GC invocations=7 (full 1):
 PSYoungGen      total 90112K, used 1664K [0x00000000e5b00000, 0x00000000ebb00000, 0x0000000100000000)
  eden space 83456K, 0% used [0x00000000e5b00000,0x00000000e5b00000,0x00000000eac80000)
  from space 6656K, 25% used [0x00000000eb380000,0x00000000eb520010,0x00000000eba00000)
  to   space 7168K, 0% used [0x00000000eac80000,0x00000000eac80000,0x00000000eb380000)
 ParOldGen       total 32768K, used 7515K [0x00000000b1000000, 0x00000000b3000000, 0x00000000e5b00000)
  object space 32768K, 22% used [0x00000000b1000000,0x00000000b1756f90,0x00000000b3000000)
 Metaspace       used 20816K, capacity 21074K, committed 21504K, reserved 1069056K
  class space    used 2426K, capacity 2529K, committed 2560K, reserved 1048576K
}
Event: 51.660 GC heap before
{Heap before GC invocations=8 (full 1):
 PSYoungGen      total 90112K, used 85120K [0x00000000e5b00000, 0x00000000ebb00000, 0x0000000100000000)
  eden space 83456K, 100% used [0x00000000e5b00000,0x00000000eac80000,0x00000000eac80000)
  from space 6656K, 25% used [0x00000000eb380000,0x00000000eb520010,0x00000000eba00000)
  to   space 7168K, 0% used [0x00000000eac80000,0x00000000eac80000,0x00000000eb380000)
 ParOldGen       total 32768K, used 7936K [0x00000000b1000000, 0x00000000b3000000, 0x00000000e5b00000)
  object space 32768K, 24% used [0x00000000b1000000,0x00000000b17c0268,0x00000000b3000000)
 Metaspace       used 20936K, capacity 21234K, committed 21632K, reserved 1069056K
  class space    used 2427K, capacity 2561K, committed 2688K, reserved 1048576K
Event: 51.664 GC heap after
Heap after GC invocations=8 (full 1):
 PSYoungGen      total 90624K, used 3200K [0x00000000e5b00000, 0x00000000f0a80000, 0x0000000100000000)
  eden space 83456K, 0% used [0x00000000e5b00000,0x00000000e5b00000,0x00000000eac80000)
  from space 7168K, 44% used [0x00000000eac80000,0x00000000eafa0000,0x00000000eb380000)
  to   space 6656K, 0% used [0x00000000f0400000,0x00000000f0400000,0x00000000f0a80000)
 ParOldGen       total 32768K, used 7944K [0x00000000b1000000, 0x00000000b3000000, 0x00000000e5b00000)
  object space 32768K, 24% used [0x00000000b1000000,0x00000000b17c2268,0x00000000b3000000)
 Metaspace       used 20936K, capacity 21234K, committed 21632K, reserved 1069056K
  class space    used 2427K, capacity 2561K, committed 2688K, reserved 1048576K
}
Event: 51.899 GC heap before
{Heap before GC invocations=9 (full 1):
 PSYoungGen      total 90624K, used 86656K [0x00000000e5b00000, 0x00000000f0a80000, 0x0000000100000000)
  eden space 83456K, 100% used [0x00000000e5b00000,0x00000000eac80000,0x00000000eac80000)
  from space 7168K, 44% used [0x00000000eac80000,0x00000000eafa0000,0x00000000eb380000)
  to   space 6656K, 0% used [0x00000000f0400000,0x00000000f0400000,0x00000000f0a80000)
 ParOldGen       total 32768K, used 8006K [0x00000000b1000000, 0x00000000b3000000, 0x00000000e5b00000)
  object space 32768K, 24% used [0x00000000b1000000,0x00000000b17d1900,0x00000000b3000000)
 Metaspace       used 21043K, capacity 21362K, committed 21888K, reserved 1069056K
  class space    used 2427K, capacity 2561K, committed 2688K, reserved 1048576K
Event: 51.904 GC heap after
Heap after GC invocations=9 (full 1):
 PSYoungGen      total 173056K, used 3328K [0x00000000e5b00000, 0x00000000f0a80000, 0x0000000100000000)
  eden space 166400K, 0% used [0x00000000e5b00000,0x00000000e5b00000,0x00000000efd80000)
  from space 6656K, 50% used [0x00000000f0400000,0x00000000f0740020,0x00000000f0a80000)
  to   space 6656K, 0% used [0x00000000efd80000,0x00000000efd80000,0x00000000f0400000)
 ParOldGen       total 32768K, used 8014K [0x00000000b1000000, 0x00000000b3000000, 0x00000000e5b00000)
  object space 32768K, 24% used [0x00000000b1000000,0x00000000b17d3900,0x00000000b3000000)
 Metaspace       used 21043K, capacity 21362K, committed 21888K, reserved 1069056K
  class space    used 2427K, capacity 2561K, committed 2688K, reserved 1048576K
}
Event: 52.397 GC heap before
{Heap before GC invocations=10 (full 1):
 PSYoungGen      total 173056K, used 169728K [0x00000000e5b00000, 0x00000000f0a80000, 0x0000000100000000)
  eden space 166400K, 100% used [0x00000000e5b00000,0x00000000efd80000,0x00000000efd80000)
  from space 6656K, 50% used [0x00000000f0400000,0x00000000f0740020,0x00000000f0a80000)
  to   space 6656K, 0% used [0x00000000efd80000,0x00000000efd80000,0x00000000f0400000)
 ParOldGen       total 32768K, used 8014K [0x00000000b1000000, 0x00000000b3000000, 0x00000000e5b00000)
  object space 32768K, 24% used [0x00000000b1000000,0x00000000b17d3900,0x00000000b3000000)
 Metaspace       used 21227K, capacity 21554K, committed 21888K, reserved 1069056K
  class space    used 2428K, capacity 2561K, committed 2688K, reserved 1048576K
Event: 52.408 GC heap after
Heap after GC invocations=10 (full 1):
 PSYoungGen      total 173056K, used 6368K [0x00000000e5b00000, 0x00000000f6c00000, 0x0000000100000000)
  eden space 166400K, 0% used [0x00000000e5b00000,0x00000000e5b00000,0x00000000efd80000)
  from space 6656K, 95% used [0x00000000efd80000,0x00000000f03b8020,0x00000000f0400000)
  to   space 7168K, 0% used [0x00000000f6500000,0x00000000f6500000,0x00000000f6c00000)
 ParOldGen       total 32768K, used 8038K [0x00000000b1000000, 0x00000000b3000000, 0x00000000e5b00000)
  object space 32768K, 24% used [0x00000000b1000000,0x00000000b17d9900,0x00000000b3000000)
 Metaspace       used 21227K, capacity 21554K, committed 21888K, reserved 1069056K
  class space    used 2428K, capacity 2561K, committed 2688K, reserved 1048576K
}
Event: 52.814 GC heap before
{Heap before GC invocations=11 (full 1):
 PSYoungGen      total 173056K, used 172768K [0x00000000e5b00000, 0x00000000f6c00000, 0x0000000100000000)
  eden space 166400K, 100% used [0x00000000e5b00000,0x00000000efd80000,0x00000000efd80000)
  from space 6656K, 95% used [0x00000000efd80000,0x00000000f03b8020,0x00000000f0400000)
  to   space 7168K, 0% used [0x00000000f6500000,0x00000000f6500000,0x00000000f6c00000)
 ParOldGen       total 32768K, used 8038K [0x00000000b1000000, 0x00000000b3000000, 0x00000000e5b00000)
  object space 32768K, 24% used [0x00000000b1000000,0x00000000b17d9900,0x00000000b3000000)
 Metaspace       used 21552K, capacity 21810K, committed 22144K, reserved 1069056K
  class space    used 2428K, capacity 2561K, committed 2688K, reserved 1048576K
Event: 52.824 GC heap after
Heap after GC invocations=11 (full 1):
 PSYoungGen      total 271872K, used 6304K [0x00000000e5b00000, 0x00000000f6c80000, 0x0000000100000000)
  eden space 264704K, 0% used [0x00000000e5b00000,0x00000000e5b00000,0x00000000f5d80000)
  from space 7168K, 87% used [0x00000000f6500000,0x00000000f6b28010,0x00000000f6c00000)
  to   space 7680K, 0% used [0x00000000f5d80000,0x00000000f5d80000,0x00000000f6500000)
 ParOldGen       total 32768K, used 8102K [0x00000000b1000000, 0x00000000b3000000, 0x00000000e5b00000)
  object space 32768K, 24% used [0x00000000b1000000,0x00000000b17e9930,0x00000000b3000000)
 Metaspace       used 21552K, capacity 21810K, committed 22144K, reserved 1069056K
  class space    used 2428K, capacity 2561K, committed 2688K, reserved 1048576K
}
Event: 53.522 GC heap before
{Heap before GC invocations=12 (full 1):
 PSYoungGen      total 271872K, used 271008K [0x00000000e5b00000, 0x00000000f6c80000, 0x0000000100000000)
  eden space 264704K, 100% used [0x00000000e5b00000,0x00000000f5d80000,0x00000000f5d80000)
  from space 7168K, 87% used [0x00000000f6500000,0x00000000f6b28010,0x00000000f6c00000)
  to   space 7680K, 0% used [0x00000000f5d80000,0x00000000f5d80000,0x00000000f6500000)
 ParOldGen       total 32768K, used 8102K [0x00000000b1000000, 0x00000000b3000000, 0x00000000e5b00000)
  object space 32768K, 24% used [0x00000000b1000000,0x00000000b17e9930,0x00000000b3000000)
 Metaspace       used 21582K, capacity 21874K, committed 22400K, reserved 1069056K
  class space    used 2428K, capacity 2561K, committed 2688K, reserved 1048576K

